21:59:39 [Skill] INFO  Skill:139 - Connecting to Furhat server on 192.168.1.162:1932
21:59:40 [IisprojectSkill] INFO  IisprojectSkill:173 - Starting skill
22:00:08 [IisprojectSkill] WARN  Flow: 93 - Flow unknown unresponsive, 17076 ms since last event poll
22:00:46 [IisprojectSkill] WARN  Flow: 93 - Flow unknown unresponsive, 5522 ms since last event poll
22:01:04 [IisprojectSkill] WARN  Flow: 93 - Flow unknown unresponsive, 5518 ms since last event poll
22:01:18 [ErrorLoggingThread] ERROR IisprojectSkill:466 - Flow - unknown - A flow's queue is full, could not add furhatos.event.monitors.MonitorGaze
Flow - unknown - A flow's queue is full, could not add furhatos.event.senses.SenseUsers
Flow - unknown - A flow's queue is full, could not add furhatos.event.actions.ActionVirtualUserUpdate
Flow - unknown - A flow's queue is full, could not add furhatos.event.actions.ActionVirtualUserUpdate
Flow - unknown - A flow's queue is full, could not add furhatos.event.actions.ActionVirtualUserUpdate
Flow - unknown - A flow's queue is full, could not add furhatos.event.actions.ActionGaze
Flow - unknown - A flow's queue is full, could not add furhatos.event.actions.ActionGaze
Flow - unknown - A flow's queue is full, could not add furhatos.event.actions.ActionGaze
Flow - unknown - A flow's queue is full, could not add furhatos.event.senses.SenseUsers
Flow - unknown - A flow's queue is full, could not add furhatos.event.actions.ActionGaze
Flow - unknown - A flow's queue is full, could not add furhatos.event.senses.SenseUsers
Flow - unknown - A flow's queue is full, could not add furhatos.event.senses.SenseUsers
Flow - unknown - A flow's queue is full, could not add furhatos.event.actions.ActionGaze
Flow - unknown - A flow's queue is full, could not add furhatos.event.actions.ActionGaze
Flow - unknown - A flow's queue is full, could not add furhatos.event.monitors.MonitorGaze
Flow - unknown - A flow's queue is full, could not add furhatos.event.monitors.MonitorGaze
Flow - unknown - A flow's queue is full, could not add furhatos.event.monitors.MonitorGaze
Flow - unknown - A flow's queue is full, could not add furhatos.event.monitors.MonitorGaze
Flow - unknown - A flow's queue is full, could not add furhatos.event.monitors.MonitorGaze

