01:02:08 [Skill] INFO  Skill:139 - Connecting to Furhat server on 192.168.1.162:1932
01:02:09 [IisprojectSkill] INFO  IisprojectSkill:173 - Starting skill
01:02:50 [IisprojectSkill] WARN  Flow: 93 - Flow unknown unresponsive, 5533 ms since last event poll
01:02:50 [ErrorLoggingThread] ERROR IisprojectSkill:466 - Flow - unknown - A flow's queue is full, could not add furhatos.event.actions.ActionVirtualUserUpdate
Flow - unknown - A flow's queue is full, could not add furhatos.event.senses.SenseUsers
Flow - unknown - A flow's queue is full, could not add furhatos.event.senses.SenseUsers
Flow - unknown - A flow's queue is full, could not add furhatos.event.senses.SenseUsers
Flow - unknown - A flow's queue is full, could not add furhatos.event.actions.ActionGaze
Flow - unknown - A flow's queue is full, could not add furhatos.event.actions.ActionGaze
Flow - unknown - A flow's queue is full, could not add furhatos.event.actions.ActionGaze
Flow - unknown - A flow's queue is full, could not add furhatos.event.senses.SenseUsers
Flow - unknown - A flow's queue is full, could not add furhatos.event.actions.ActionVirtualUserUpdate
Flow - unknown - A flow's queue is full, could not add furhatos.event.actions.ActionGaze
Flow - unknown - A flow's queue is full, could not add furhatos.event.monitors.MonitorGaze
Flow - unknown - A flow's queue is full, could not add furhatos.event.actions.ActionVirtualUserUpdate
Flow - unknown - A flow's queue is full, could not add furhatos.event.actions.ActionVirtualUserUpdate
Flow - unknown - A flow's queue is full, could not add furhatos.event.actions.ActionVirtualUserUpdate
Flow - unknown - A flow's queue is full, could not add furhatos.event.senses.SenseUsers
Flow - unknown - A flow's queue is full, could not add furhatos.event.actions.ActionVirtualUserUpdate
Flow - unknown - A flow's queue is full, could not add furhatos.event.senses.SenseUsers
Flow - unknown - A flow's queue is full, could not add furhatos.event.monitors.MonitorGaze
Flow - unknown - A flow's queue is full, could not add furhatos.event.actions.ActionVirtualUserUpdate
Flow - unknown - A flow's queue is full, could not add furhatos.event.actions.ActionVirtualUserUpdate
Flow - unknown - A flow's queue is full, could not add furhatos.event.senses.SenseUsers
Flow - unknown - A flow's queue is full, could not add furhatos.event.senses.SenseUsers
Flow - unknown - A flow's queue is full, could not add furhatos.event.actions.ActionGaze
Flow - unknown - A flow's queue is full, could not add furhatos.event.senses.SenseUsers
Flow - unknown - A flow's queue is full, could not add furhatos.event.actions.ActionGaze
Flow - unknown - A flow's queue is full, could not add furhatos.event.actions.ActionGaze
Flow - unknown - A flow's queue is full, could not add furhatos.event.actions.ActionGaze
Flow - unknown - A flow's queue is full, could not add furhatos.event.actions.ActionGaze
Flow - unknown - A flow's queue is full, could not add furhatos.event.senses.SenseUsers
Flow - unknown - A flow's queue is full, could not add furhatos.event.actions.ActionGaze
Flow - unknown - A flow's queue is full, could not add furhatos.event.senses.SenseUsers
Flow - unknown - A flow's queue is full, could not add furhatos.event.actions.ActionGaze
Flow - unknown - A flow's queue is full, could not add furhatos.event.monitors.MonitorGaze
Flow - unknown - A flow's queue is full, could not add furhatos.event.monitors.MonitorGaze
Flow - unknown - A flow's queue is full, could not add furhatos.event.monitors.MonitorGaze
Flow - unknown - A flow's queue is full, could not add furhatos.event.monitors.MonitorGaze
Flow - unknown - A flow's queue is full, could not add furhatos.event.requests.RequestVoice
Flow - unknown - A flow's queue is full, could not add furhatos.event.actions.ActionSpeech

01:02:59 [IisprojectSkill] WARN  Flow: 93 - Flow unknown unresponsive, 5554 ms since last event poll
